<?xml version="1.0" encoding="UTF-8"?>
<!-- Generated by org.testng.reporters.JUnitReportReporter -->
<testsuite hostname="ND2-VW090-Q0030" name="testSuites.TS_SmokeTest" tests="1" failures="0" timestamp="21 Nov 2018 18:49:06 GMT" time="67.003" errors="0">
  <testcase name="tc_LoginTest" time="67.003" classname="testSuites.TS_SmokeTest"/>
</testsuite> <!-- testSuites.TS_SmokeTest -->
