<?xml version="1.0" encoding="UTF-8"?>
<!-- Generated by org.testng.reporters.JUnitReportReporter -->
<testsuite hostname="ND2-VW090-Q0030" name="testSuites.TS_SmokeTest" tests="3" failures="0" timestamp="28 Nov 2018 21:54:38 GMT" time="69.109" errors="0">
  <testcase name="tc_AccountMaintenance" time="32.720" classname="testSuites.TS_SmokeTest"/>
  <testcase name="tc_SalesProjections" time="19.242" classname="testSuites.TS_SmokeTest"/>
  <testcase name="tc_LoginTest" time="17.147" classname="testSuites.TS_SmokeTest"/>
</testsuite> <!-- testSuites.TS_SmokeTest -->
