<?xml version="1.0" encoding="UTF-8"?>
<!-- Generated by org.testng.reporters.JUnitReportReporter -->
<testsuite hostname="ND2-VW090-Q0030" name="testSuites.TS_SmokeTest" tests="3" failures="0" timestamp="6 Dec 2018 21:18:33 GMT" time="95.633" errors="0">
  <testcase name="tc_LoginTest" time="23.755" classname="testSuites.TS_SmokeTest"/>
  <testcase name="tc_AccountMaintenance" time="44.429" classname="testSuites.TS_SmokeTest"/>
  <testcase name="tc_SalesProjections" time="27.449" classname="testSuites.TS_SmokeTest"/>
</testsuite> <!-- testSuites.TS_SmokeTest -->
