<?xml version="1.0" encoding="UTF-8"?>
<!-- Generated by org.testng.reporters.JUnitReportReporter -->
<testsuite hostname="ND2-VW090-Q0030" name="testSuites.TS_SmokeTest" tests="3" failures="0" timestamp="17 Jan 2019 22:01:36 GMT" time="77.076" errors="0">
  <testcase name="tc_SalesProjections" time="24.906" classname="testSuites.TS_SmokeTest"/>
  <testcase name="tc_LoginTest" time="25.812" classname="testSuites.TS_SmokeTest"/>
  <testcase name="tc_AccountMaintenance" time="26.358" classname="testSuites.TS_SmokeTest"/>
</testsuite> <!-- testSuites.TS_SmokeTest -->
