<?xml version="1.0" encoding="UTF-8"?>
<!-- Generated by org.testng.reporters.JUnitReportReporter -->
<testsuite hostname="ND2-VW090-Q0030" name="common.BrowserUtil" tests="1" failures="0" timestamp="12 Nov 2018 21:16:22 GMT" time="12.042" errors="0">
  <testcase name="openURL" time="12.042" classname="common.BrowserUtil"/>
</testsuite> <!-- common.BrowserUtil -->
