<?xml version="1.0" encoding="UTF-8"?>
<!-- Generated by org.testng.reporters.JUnitReportReporter -->
<testsuite hostname="ND2-VW090-Q0030" name="testSuites.TS_SmokeTest" tests="3" failures="0" timestamp="7 Dec 2018 21:24:30 GMT" time="82.658" errors="0">
  <testcase name="tc_AccountMaintenance" time="33.426" classname="testSuites.TS_SmokeTest"/>
  <testcase name="tc_LoginTest" time="23.141" classname="testSuites.TS_SmokeTest"/>
  <testcase name="tc_SalesProjections" time="26.091" classname="testSuites.TS_SmokeTest"/>
</testsuite> <!-- testSuites.TS_SmokeTest -->
