<?xml version="1.0" encoding="UTF-8"?>
<!-- Generated by org.testng.reporters.JUnitReportReporter -->
<testsuite hostname="ND2-VW090-Q0030" name="testSuites.TS_SmokeTest" tests="1" failures="0" timestamp="16 Nov 2018 20:09:29 GMT" time="4.692" errors="0">
  <testcase name="tc_LoginTest" time="4.692" classname="testSuites.TS_SmokeTest"/>
</testsuite> <!-- testSuites.TS_SmokeTest -->
