<?xml version="1.0" encoding="UTF-8"?>
<!-- Generated by org.testng.reporters.JUnitReportReporter -->
<testsuite hostname="ND2-VW090-Q0030" name="testSuites.TS_SmokeTest" tests="1" failures="0" timestamp="27 Nov 2018 19:51:29 GMT" time="28.234" errors="0">
  <testcase name="tc_LoginTest" time="28.234" classname="testSuites.TS_SmokeTest"/>
</testsuite> <!-- testSuites.TS_SmokeTest -->
