<?xml version="1.0" encoding="UTF-8"?>
<!-- Generated by org.testng.reporters.JUnitReportReporter -->
<testsuite hostname="ND2-VW090-Q0030" name="testSuites.TS_SmokeTest" tests="1" failures="0" timestamp="27 Nov 2018 18:14:51 GMT" time="17.485" errors="0">
  <testcase name="tc_LoginTest" time="17.485" classname="testSuites.TS_SmokeTest"/>
</testsuite> <!-- testSuites.TS_SmokeTest -->
